<?xml version="1.0" encoding="UTF-8"?>
<!-- Generated by org.testng.reporters.JUnitReportReporter -->
<testsuite name="TestAPIs.Vin" tests="2" time="1.214" ignored="0" failures="0" timestamp="10 Dec 2018 18:47:19 GMT" skipped="0" hostname="Ankurs-MacBook-Pro.local" errors="0">
  <testcase name="vehicleDescriptionVehicleVin" time="0.661" classname="TestAPIs.Vin"/>
  <testcase name="vehicleDescriptionVehicleSpecificInformationByVin" time="0.553" classname="TestAPIs.Vin"/>
</testsuite> <!-- TestAPIs.Vin -->
