<?xml version="1.0" encoding="UTF-8"?>
<!-- Generated by org.testng.reporters.JUnitReportReporter -->
<testsuite name="TestAPIs.Styles" tests="3" time="1.916" ignored="0" failures="0" timestamp="10 Dec 2018 18:47:19 GMT" skipped="0" hostname="Ankurs-MacBook-Pro.local" errors="0">
  <testcase name="stylesRequestInvalidModelId" time="0.587" classname="TestAPIs.Styles"/>
  <testcase name="stylesRequestIncorrectModelIdFormat" time="0.464" classname="TestAPIs.Styles"/>
  <testcase name="stylesRequest" time="0.865" classname="TestAPIs.Styles"/>
</testsuite> <!-- TestAPIs.Styles -->
