<?xml version="1.0" encoding="UTF-8"?>
<!-- Generated by org.testng.reporters.JUnitReportReporter -->
<testsuite name="TestAPIs.Styles" tests="3" time="1.333" ignored="0" failures="0" timestamp="07 Dec 2018 02:29:44 GMT" skipped="0" hostname="Ankurs-MBP.attlocal.net" errors="0">
  <testcase name="stylesRequest" time="0.427" classname="TestAPIs.Styles"/>
  <testcase name="stylesRequestInvalidModelId" time="0.614" classname="TestAPIs.Styles"/>
  <testcase name="stylesRequestIncorrectModelIdFormat" time="0.292" classname="TestAPIs.Styles"/>
</testsuite> <!-- TestAPIs.Styles -->
