<?xml version="1.0" encoding="UTF-8"?>
<!-- Generated by org.testng.reporters.JUnitReportReporter -->
<testsuite name="TestAPIs.Vin" tests="3" time="1.408" ignored="0" failures="0" timestamp="07 Dec 2018 02:29:44 GMT" skipped="0" hostname="Ankurs-MBP.attlocal.net" errors="0">
  <testcase name="vehicleDescriptionVehicleSpecificInformationByVin" time="0.488" classname="TestAPIs.Vin"/>
  <testcase name="vehicleDescriptionVehicleVin" time="0.384" classname="TestAPIs.Vin"/>
  <testcase name="vehicleDescriptionVehicleSpecificInformationByInvalidVin" time="0.536" classname="TestAPIs.Vin"/>
</testsuite> <!-- TestAPIs.Vin -->
